<?xml version="1.0" encoding="UTF-8"?>
<!-- Generated by org.testng.reporters.JUnitReportReporter -->
<testsuite hostname="LAPTOP-P01DG4LS" failures="0" tests="1" name="com.amazon.test.AmazonTest" time="74.008" errors="0" timestamp="2021-05-30T17:27:45 IST" skipped="0">
  <testcase classname="com.amazon.test.AmazonTest" name="searchProduct" time="74.008"/>
  <system-out/>
</testsuite> <!-- com.amazon.test.AmazonTest -->
